<?xml version="1.0" encoding="UTF-8"?>
<!-- Generated by org.testng.reporters.JUnitReportReporter -->
<testsuite hostname="mani" failures="0" tests="1" name="testCases.TC_001_AccountRegistrationTest" time="6.284" errors="0" timestamp="2024-06-30T18:52:21 IST" skipped="0">
  <testcase classname="testCases.TC_001_AccountRegistrationTest" name="verify_account_registration" time="6.284"/>
</testsuite> <!-- testCases.TC_001_AccountRegistrationTest -->
